2018-12-09 18:06:34,563  ERROR Username:Unknown test_log_error_2 'Testing logging error with 2 arguments'
2018-12-09 18:06:34,563  ERROR test_user test_log_error_3 'Testing logging error with 3 arguments'
2018-12-09 18:06:34,579  ERROR test_user test_log_error_5 Case_id:test1 Activity:testing_log_info_5 'Testing logging error with 5 arguments'
2018-12-09 18:06:34,579  ERROR test_user test_log_error_6 Thread:1 Case_id:test1 Activity:testing_log_info_6 'Testing logging error with 6 arguments'
2018-12-09 18:06:34,595  INFO Username:Unknown test_log_info_2 'Testing logging info with 2 arguments'
2018-12-09 18:06:34,595  INFO test_user test_log_info_3 'Testing logging info with 3 arguments'
2018-12-09 18:06:34,610  INFO test_user test_log_info_5 Case_id:test1 Activity:testing_log_info_5 'Testing logging info with 5 arguments'
2018-12-09 18:06:34,657  INFO test_user test_log_info_6 Thread:1 Case_id:test1 Activity:testing_log_info_6 'Testing logging info with 6 arguments'
2018-12-20 22:40:54,969  ERROR Username:Unknown test_log_error_2  ' Testing logging error with 2 arguments ' 
2018-12-20 22:40:54,973  ERROR test_user test_log_error_3  ' Testing logging error with 3 arguments ' 
2018-12-20 22:40:54,974  ERROR test_user test_log_error_5 Case_id:test1 Activity:testing_log_info_5  ' Testing logging error with 5 arguments ' 
2018-12-20 22:40:54,977  ERROR test_user test_log_error_6 Thread:1 Case_id:test1 Activity:testing_log_info_6  ' Testing logging error with 6 arguments ' 
2018-12-20 22:40:54,980  INFO Username:Unknown test_log_info_2  ' Testing logging info with 2 arguments ' 
2018-12-20 22:40:54,982  INFO test_user test_log_info_3  ' Testing logging info with 3 arguments ' 
2018-12-20 22:40:54,984  INFO test_user test_log_info_5 Case_id:test1 Activity:testing_log_info_5  ' Testing logging info with 5 arguments ' 
2018-12-20 22:40:54,986  INFO test_user test_log_info_6 Thread:1 Case_id:test1 Activity:testing_log_info_6  ' Testing logging info with 6 arguments ' 
2018-12-20 22:44:51,245  ERROR Username:Unknown test_log_error_2  ' Testing logging error with 2 arguments ' 
2018-12-20 22:44:51,247  ERROR test_user test_log_error_3  ' Testing logging error with 3 arguments ' 
2018-12-20 22:44:51,249  ERROR test_user test_log_error_5 Case_id:test1 Activity:testing_log_info_5  ' Testing logging error with 5 arguments ' 
2018-12-20 22:44:51,250  ERROR test_user test_log_error_6 Thread:1 Case_id:test1 Activity:testing_log_info_6  ' Testing logging error with 6 arguments ' 
2018-12-20 22:44:51,253  INFO Username:Unknown test_log_info_2  ' Testing logging info with 2 arguments ' 
2018-12-20 22:44:51,255  INFO test_user test_log_info_3  ' Testing logging info with 3 arguments ' 
2018-12-20 22:44:51,257  INFO test_user test_log_info_5 Case_id:test1 Activity:testing_log_info_5  ' Testing logging info with 5 arguments ' 
2018-12-20 22:44:51,260  INFO test_user test_log_info_6 Thread:1 Case_id:test1 Activity:testing_log_info_6  ' Testing logging info with 6 arguments ' 
2018-12-20 22:45:47,871  ERROR Username:Unknown test_log_error_2  ' Testing logging error with 2 arguments ' 
2018-12-20 22:45:47,873  ERROR test_user test_log_error_3  ' Testing logging error with 3 arguments ' 
2018-12-20 22:45:47,875  ERROR test_user test_log_error_5 Case_id:test1 Activity:testing_log_info_5  ' Testing logging error with 5 arguments ' 
2018-12-20 22:45:47,877  ERROR test_user test_log_error_6 Thread:1 Case_id:test1 Activity:testing_log_info_6  ' Testing logging error with 6 arguments ' 
2018-12-20 22:45:47,880  INFO Username:Unknown test_log_info_2  ' Testing logging info with 2 arguments ' 
2018-12-20 22:45:47,882  INFO test_user test_log_info_3  ' Testing logging info with 3 arguments ' 
2018-12-20 22:45:47,884  INFO test_user test_log_info_5 Case_id:test1 Activity:testing_log_info_5  ' Testing logging info with 5 arguments ' 
2018-12-20 22:45:47,887  INFO test_user test_log_info_6 Thread:1 Case_id:test1 Activity:testing_log_info_6  ' Testing logging info with 6 arguments ' 
